Using pre-set license
Built from '2020.3/release' branch; Version is '2020.3.31f1 (6b54b7616050) revision 7034039'; Using compiler version '192528614'; Build Type 'Release'
OS: 'Windows 10  (10.0.19043) 64bit Professional' Language: 'es' Physical Memory: 16175 MB
BatchMode: 1, IsHumanControllingUs: 0, StartBugReporterOnCrash: 0, Is64bit: 1, IsPro: 0

COMMAND LINE ARGUMENTS:
C:\Program Files\Unity\Hub\Editor\2020.3.31f1\Editor\Unity.exe
-adb2
-batchMode
-noUpm
-name
AssetImportWorker0
-projectPath
C:/Users/USER/Creative Cloud Files/CityOfOblivion
-logFile
Logs/AssetImportWorker0.log
-srvPort
64690
Successfully changed project path to: C:/Users/USER/Creative Cloud Files/CityOfOblivion
C:/Users/USER/Creative Cloud Files/CityOfOblivion
Using Asset Import Pipeline V2.
Refreshing native plugins compatible for Editor in 46.34 ms, found 3 plugins.
Preloading 0 native plugins for Editor in 0.00 ms.
Initialize engine version: 2020.3.31f1 (6b54b7616050)
[Subsystems] Discovering subsystems at path C:/Program Files/Unity/Hub/Editor/2020.3.31f1/Editor/Data/Resources/UnitySubsystems
[Subsystems] Discovering subsystems at path C:/Users/USER/Creative Cloud Files/CityOfOblivion/Assets
GfxDevice: creating device client; threaded=0
Direct3D:
    Version:  Direct3D 11.0 [level 11.1]
    Renderer: NVIDIA GeForce RTX 3050 (ID=0x2507)
    Vendor:   
    VRAM:     8070 MB
    Driver:   30.0.15.1179
Initialize mono
Mono path[0] = 'C:/Program Files/Unity/Hub/Editor/2020.3.31f1/Editor/Data/Managed'
Mono path[1] = 'C:/Program Files/Unity/Hub/Editor/2020.3.31f1/Editor/Data/MonoBleedingEdge/lib/mono/unityjit'
Mono config path = 'C:/Program Files/Unity/Hub/Editor/2020.3.31f1/Editor/Data/MonoBleedingEdge/etc'
Using monoOptions --debugger-agent=transport=dt_socket,embedding=1,server=y,suspend=n,address=127.0.0.1:56600
Begin MonoManager ReloadAssembly
Registering precompiled unity dll's ...
Register platform support module: C:/Program Files/Unity/Hub/Editor/2020.3.31f1/Editor/Data/PlaybackEngines/WebGLSupport/UnityEditor.WebGL.Extensions.dll
Register platform support module: C:/Program Files/Unity/Hub/Editor/2020.3.31f1/Editor/Data/PlaybackEngines/WindowsStandaloneSupport/UnityEditor.WindowsStandalone.Extensions.dll
Registered in 0.002169 seconds.
Native extension for WindowsStandalone target not found
Native extension for WebGL target not found
Refreshing native plugins compatible for Editor in 48.48 ms, found 3 plugins.
Preloading 0 native plugins for Editor in 0.00 ms.
Mono: successfully reloaded assembly
- Completed reload, in  0.588 seconds
Domain Reload Profiling:
	ReloadAssembly (588ms)
		BeginReloadAssembly (63ms)
			ExecutionOrderSort (0ms)
			DisableScriptedObjects (0ms)
			BackupInstance (0ms)
			ReleaseScriptingObjects (0ms)
			CreateAndSetChildDomain (1ms)
		EndReloadAssembly (456ms)
			LoadAssemblies (62ms)
			RebuildTransferFunctionScriptingTraits (0ms)
			SetupTypeCache (141ms)
			ReleaseScriptCaches (0ms)
			RebuildScriptCaches (29ms)
			SetupLoadedEditorAssemblies (180ms)
				LogAssemblyErrors (0ms)
				InitializePlatformSupportModulesInManaged (5ms)
				SetLoadedEditorAssemblies (0ms)
				RefreshPlugins (49ms)
				BeforeProcessingInitializeOnLoad (17ms)
				ProcessInitializeOnLoadAttributes (81ms)
				ProcessInitializeOnLoadMethodAttributes (27ms)
				AfterProcessingInitializeOnLoad (0ms)
				EditorAssembliesLoaded (0ms)
			ExecutionOrderSort2 (0ms)
			AwakeInstancesAfterBackupRestoration (0ms)
Platform modules already initialized, skipping
Registering precompiled user dll's ...
Registered in 0.002378 seconds.
Begin MonoManager ReloadAssembly
Native extension for WindowsStandalone target not found
Native extension for WebGL target not found
Refreshing native plugins compatible for Editor in 49.32 ms, found 3 plugins.
Preloading 0 native plugins for Editor in 0.00 ms.
Mono: successfully reloaded assembly
- Completed reload, in  1.089 seconds
Domain Reload Profiling:
	ReloadAssembly (1090ms)
		BeginReloadAssembly (147ms)
			ExecutionOrderSort (0ms)
			DisableScriptedObjects (4ms)
			BackupInstance (0ms)
			ReleaseScriptingObjects (0ms)
			CreateAndSetChildDomain (20ms)
		EndReloadAssembly (885ms)
			LoadAssemblies (94ms)
			RebuildTransferFunctionScriptingTraits (0ms)
			SetupTypeCache (284ms)
			ReleaseScriptCaches (0ms)
			RebuildScriptCaches (46ms)
			SetupLoadedEditorAssemblies (349ms)
				LogAssemblyErrors (0ms)
				InitializePlatformSupportModulesInManaged (4ms)
				SetLoadedEditorAssemblies (0ms)
				RefreshPlugins (49ms)
				BeforeProcessingInitializeOnLoad (82ms)
				ProcessInitializeOnLoadAttributes (190ms)
				ProcessInitializeOnLoadMethodAttributes (18ms)
				AfterProcessingInitializeOnLoad (5ms)
				EditorAssembliesLoaded (0ms)
			ExecutionOrderSort2 (0ms)
			AwakeInstancesAfterBackupRestoration (6ms)
Platform modules already initialized, skipping
========================================================================
Worker process is ready to serve import requests
Launched and connected shader compiler UnityShaderCompiler.exe after 0.04 seconds
Refreshing native plugins compatible for Editor in 0.50 ms, found 3 plugins.
Preloading 0 native plugins for Editor in 0.00 ms.
Unloading 2261 Unused Serialized files (Serialized files now loaded: 0)
System memory in use before: 100.9 MB.
System memory in use after: 100.9 MB.

Unloading 31 unused Assets to reduce memory usage. Loaded Objects now: 2696.
Total: 3.238700 ms (FindLiveObjects: 0.310300 ms CreateObjectMapping: 0.062300 ms MarkObjects: 2.662800 ms  DeleteObjects: 0.202000 ms)

AssetImportParameters requested are different than current active one (requested -> active):
  custom:framework-win-MediaFoundation: 216162199b28c13a410421893ffa2e32 -> 
  custom:video-decoder-ogg-theora: a1e56fd34408186e4bbccfd4996cb3dc -> 
  custom:container-muxer-webm: aa71ff27fc2769a1b78a27578f13a17b -> 
  custom:container-demuxer-webm: 4f35f7cbe854078d1ac9338744f61a02 -> 
  custom:container-demuxer-ogg: 62fdf1f143b41e24485cea50d1cbac27 -> 
  custom:video-encoder-webm-vp8: eb34c28f22e8b96e1ab97ce403110664 -> 
  custom:video-decoder-webm-vp8: 9c59270c3fd7afecdb556c50c9e8de78 -> 
  custom:audio-decoder-ogg-vorbis: bf7c407c2cedff20999df2af8eb42d56 -> 
  custom:audio-encoder-webm-vorbis: bf7c407c2cedff20999df2af8eb42d56 -> 
========================================================================
Received Import Request.
  path: Assets/Animators/Animations
  artifactKey: Guid(242093ecf48d26e45af6ec7cc9bf858f) Importer(815301076,1909f56bfc062723c751e8b465ee728b)
Start importing Assets/Animators/Animations using Guid(242093ecf48d26e45af6ec7cc9bf858f) Importer(815301076,1909f56bfc062723c751e8b465ee728b)  -> (artifact id: 'b834f60c0aac19367bc31874243f885a') in 0.008300 seconds 
========================================================================
Received Import Request.
  Time since last request: 7.855742 seconds.
  path: Assets/PrototypeShooter/Individual Icons and Particles/Bullet.png
  artifactKey: Guid(f579604217db47f45b3c6f4acc4ffe66) Importer(815301076,1909f56bfc062723c751e8b465ee728b)
Start importing Assets/PrototypeShooter/Individual Icons and Particles/Bullet.png using Guid(f579604217db47f45b3c6f4acc4ffe66) Importer(815301076,1909f56bfc062723c751e8b465ee728b)  -> (artifact id: '5d285d342a6de7585d35f4bd2600c499') in 0.089033 seconds 
========================================================================
Received Import Request.
  Time since last request: 0.000185 seconds.
  path: Assets/PrototypeShooter/Individual Icons and Particles/BulletEmpty.png
  artifactKey: Guid(9bece4239ac9d5947a1c118ce49f2af6) Importer(815301076,1909f56bfc062723c751e8b465ee728b)
Start importing Assets/PrototypeShooter/Individual Icons and Particles/BulletEmpty.png using Guid(9bece4239ac9d5947a1c118ce49f2af6) Importer(815301076,1909f56bfc062723c751e8b465ee728b)  -> (artifact id: '8c65ff9de9fdb844ef7c4606db438fa0') in 0.020693 seconds 
========================================================================
Received Import Request.
  Time since last request: 0.000213 seconds.
  path: Assets/PrototypeShooter/Individual Icons and Particles/BulletProjectile.png
  artifactKey: Guid(d8918f8bef2b0cb42acc0a050d75876c) Importer(815301076,1909f56bfc062723c751e8b465ee728b)
Start importing Assets/PrototypeShooter/Individual Icons and Particles/BulletProjectile.png using Guid(d8918f8bef2b0cb42acc0a050d75876c) Importer(815301076,1909f56bfc062723c751e8b465ee728b)  -> (artifact id: '125f900d2cda81f592518072858745d1') in 0.017234 seconds 
========================================================================
Received Import Request.
  Time since last request: 0.000132 seconds.
  path: Assets/PrototypeShooter/Individual Icons and Particles/Handgun.png
  artifactKey: Guid(1d2fbe861881ee4488f6242d58a40ace) Importer(815301076,1909f56bfc062723c751e8b465ee728b)
Start importing Assets/PrototypeShooter/Individual Icons and Particles/Handgun.png using Guid(1d2fbe861881ee4488f6242d58a40ace) Importer(815301076,1909f56bfc062723c751e8b465ee728b)  -> (artifact id: '96815c93ab7a9e75f937db0678471c4c') in 0.024226 seconds 
========================================================================
Received Import Request.
  Time since last request: 0.000146 seconds.
  path: Assets/PrototypeShooter/Individual Icons and Particles/Machinegun.png
  artifactKey: Guid(4e4dd6e802d894f4d989783ae47cec64) Importer(815301076,1909f56bfc062723c751e8b465ee728b)
Start importing Assets/PrototypeShooter/Individual Icons and Particles/Machinegun.png using Guid(4e4dd6e802d894f4d989783ae47cec64) Importer(815301076,1909f56bfc062723c751e8b465ee728b)  -> (artifact id: '656a759958b1adc5d0f81ff0fd47c5a2') in 0.024893 seconds 
========================================================================
Received Import Request.
  Time since last request: 0.000252 seconds.
  path: Assets/PrototypeShooter/Individual Icons and Particles/Knife.png
  artifactKey: Guid(2a7faaeb0f021a94da444319b017378d) Importer(815301076,1909f56bfc062723c751e8b465ee728b)
Start importing Assets/PrototypeShooter/Individual Icons and Particles/Knife.png using Guid(2a7faaeb0f021a94da444319b017378d) Importer(815301076,1909f56bfc062723c751e8b465ee728b)  -> (artifact id: 'aa3a4507b3fac07964f09c0c4b7e8827') in 0.019942 seconds 
========================================================================
Received Import Request.
  Time since last request: 0.000137 seconds.
  path: Assets/PrototypeShooter/Individual Icons and Particles/BulletProjectile Dissapate1.png
  artifactKey: Guid(4617c56ed4bb52940adeef1972bcaf7a) Importer(815301076,1909f56bfc062723c751e8b465ee728b)
Start importing Assets/PrototypeShooter/Individual Icons and Particles/BulletProjectile Dissapate1.png using Guid(4617c56ed4bb52940adeef1972bcaf7a) Importer(815301076,1909f56bfc062723c751e8b465ee728b)  -> (artifact id: '91f519612859a33ac340daaa4aa9a8c5') in 0.021952 seconds 
========================================================================
Received Import Request.
  Time since last request: 0.000331 seconds.
  path: Assets/PrototypeShooter/Individual Icons and Particles/BulletProjectile Dissapate2.png
  artifactKey: Guid(1457c1c8ac181c048adff30a819413f9) Importer(815301076,1909f56bfc062723c751e8b465ee728b)
Start importing Assets/PrototypeShooter/Individual Icons and Particles/BulletProjectile Dissapate2.png using Guid(1457c1c8ac181c048adff30a819413f9) Importer(815301076,1909f56bfc062723c751e8b465ee728b)  -> (artifact id: '499b3c56d1636a5def0fcb6ac8194ed4') in 0.021251 seconds 
========================================================================
Received Import Request.
  Time since last request: 0.000131 seconds.
  path: Assets/PrototypeShooter/Individual Icons and Particles/HealthEmpty.png
  artifactKey: Guid(2e24e4d417c201146b0df74b29b0af2f) Importer(815301076,1909f56bfc062723c751e8b465ee728b)
Start importing Assets/PrototypeShooter/Individual Icons and Particles/HealthEmpty.png using Guid(2e24e4d417c201146b0df74b29b0af2f) Importer(815301076,1909f56bfc062723c751e8b465ee728b)  -> (artifact id: '12a3916320d76ab9468c5e991b1d62fb') in 0.020480 seconds 
========================================================================
Received Import Request.
  Time since last request: 0.000180 seconds.
  path: Assets/PrototypeShooter/Individual Icons and Particles/Health1.png
  artifactKey: Guid(e2a6c69455c3c7f478aad522587bc753) Importer(815301076,1909f56bfc062723c751e8b465ee728b)
Start importing Assets/PrototypeShooter/Individual Icons and Particles/Health1.png using Guid(e2a6c69455c3c7f478aad522587bc753) Importer(815301076,1909f56bfc062723c751e8b465ee728b)  -> (artifact id: 'd4c54b2ba7abd9855869d5e0b5ab5cbd') in 0.024378 seconds 
========================================================================
Received Import Request.
  Time since last request: 0.000138 seconds.
  path: Assets/PrototypeShooter/Individual Icons and Particles/Health1Half.png
  artifactKey: Guid(cf9bee7396d32cb4ea561877752cc4a3) Importer(815301076,1909f56bfc062723c751e8b465ee728b)
Start importing Assets/PrototypeShooter/Individual Icons and Particles/Health1Half.png using Guid(cf9bee7396d32cb4ea561877752cc4a3) Importer(815301076,1909f56bfc062723c751e8b465ee728b)  -> (artifact id: 'bdcf0f75408d62189bcff57b2b8d188a') in 0.020802 seconds 
========================================================================
Received Import Request.
  Time since last request: 1.657122 seconds.
  path: Assets/PrototypeShooter/Individual Animations/Handgun1.png
  artifactKey: Guid(43e74fa87e167d149890408146b4a9fa) Importer(815301076,1909f56bfc062723c751e8b465ee728b)
Start importing Assets/PrototypeShooter/Individual Animations/Handgun1.png using Guid(43e74fa87e167d149890408146b4a9fa) Importer(815301076,1909f56bfc062723c751e8b465ee728b)  -> (artifact id: '02b38c7e15bbdcee1f8a88473e9302c8') in 0.013995 seconds 
========================================================================
Received Import Request.
  Time since last request: 0.000146 seconds.
  path: Assets/PrototypeShooter/Individual Animations/MachineGun1.png
  artifactKey: Guid(0af2091172e29d049b0b9111fd55f321) Importer(815301076,1909f56bfc062723c751e8b465ee728b)
Start importing Assets/PrototypeShooter/Individual Animations/MachineGun1.png using Guid(0af2091172e29d049b0b9111fd55f321) Importer(815301076,1909f56bfc062723c751e8b465ee728b)  -> (artifact id: '4133c3eb43e75b92c3da72989a0083f6') in 0.017826 seconds 
========================================================================
Received Import Request.
  Time since last request: 0.000137 seconds.
  path: Assets/PrototypeShooter/Individual Animations/Handgun2.png
  artifactKey: Guid(8ebfdaa98137bd246b906d91fc187377) Importer(815301076,1909f56bfc062723c751e8b465ee728b)
Start importing Assets/PrototypeShooter/Individual Animations/Handgun2.png using Guid(8ebfdaa98137bd246b906d91fc187377) Importer(815301076,1909f56bfc062723c751e8b465ee728b)  -> (artifact id: '00b80301830569ed9cf130ef61474b26') in 0.024205 seconds 
========================================================================
Received Import Request.
  Time since last request: 0.000146 seconds.
  path: Assets/PrototypeShooter/Individual Animations/MachineGun2.png
  artifactKey: Guid(c32fd22b22b19854086fdf5c2a35aa52) Importer(815301076,1909f56bfc062723c751e8b465ee728b)
Start importing Assets/PrototypeShooter/Individual Animations/MachineGun2.png using Guid(c32fd22b22b19854086fdf5c2a35aa52) Importer(815301076,1909f56bfc062723c751e8b465ee728b)  -> (artifact id: '8b383e276188175019f57f8fb1998f68') in 0.021585 seconds 
========================================================================
Received Import Request.
  Time since last request: 61.010827 seconds.
  path: Assets/PrototypeShooter/pngegg.png
  artifactKey: Guid(74bfe43435b633a439373635cda2e41f) Importer(815301076,1909f56bfc062723c751e8b465ee728b)
Start importing Assets/PrototypeShooter/pngegg.png using Guid(74bfe43435b633a439373635cda2e41f) Importer(815301076,1909f56bfc062723c751e8b465ee728b)  -> (artifact id: '45401550b7f53f3d55d5c6056d93ffa7') in 0.028426 seconds 
========================================================================
Received Import Request.
  Time since last request: 20.386626 seconds.
  path: Assets/PrototypeShooter/pngegg.png
  artifactKey: Guid(74bfe43435b633a439373635cda2e41f) Importer(815301076,1909f56bfc062723c751e8b465ee728b)
Start importing Assets/PrototypeShooter/pngegg.png using Guid(74bfe43435b633a439373635cda2e41f) Importer(815301076,1909f56bfc062723c751e8b465ee728b)  -> (artifact id: '3da3a0408a9227c09537bffd543eaba6') in 0.027638 seconds 
========================================================================
Received Import Request.
  Time since last request: 101.423407 seconds.
  path: Assets/PrototypeShooter/pngegg.png
  artifactKey: Guid(74bfe43435b633a439373635cda2e41f) Importer(815301076,1909f56bfc062723c751e8b465ee728b)
Start importing Assets/PrototypeShooter/pngegg.png using Guid(74bfe43435b633a439373635cda2e41f) Importer(815301076,1909f56bfc062723c751e8b465ee728b)  -> (artifact id: '786ae09e9dc026b3f3932b927eaed6ee') in 0.078847 seconds 
========================================================================
Received Import Request.
  Time since last request: 52.325900 seconds.
  path: Assets/PrototypeShooter/alcantarilla.jpeg
  artifactKey: Guid(ccdafe3aff4b75f47aa8e704dc311e0b) Importer(815301076,1909f56bfc062723c751e8b465ee728b)
Start importing Assets/PrototypeShooter/alcantarilla.jpeg using Guid(ccdafe3aff4b75f47aa8e704dc311e0b) Importer(815301076,1909f56bfc062723c751e8b465ee728b)  -> (artifact id: '01035569847bce1914e9228077cc593d') in 0.032885 seconds 
========================================================================
Received Import Request.
  Time since last request: 17.385408 seconds.
  path: Assets/PrototypeShooter/alcantarilla.jpeg
  artifactKey: Guid(ccdafe3aff4b75f47aa8e704dc311e0b) Importer(815301076,1909f56bfc062723c751e8b465ee728b)
Start importing Assets/PrototypeShooter/alcantarilla.jpeg using Guid(ccdafe3aff4b75f47aa8e704dc311e0b) Importer(815301076,1909f56bfc062723c751e8b465ee728b)  -> (artifact id: 'd1b0d24b18899d22894e9282d90497ac') in 0.020198 seconds 
========================================================================
Received Import Request.
  Time since last request: 670.660046 seconds.
  path: Assets/PrototypeShooter/alcantarilla.jpeg
  artifactKey: Guid(ccdafe3aff4b75f47aa8e704dc311e0b) Importer(815301076,1909f56bfc062723c751e8b465ee728b)
Start importing Assets/PrototypeShooter/alcantarilla.jpeg using Guid(ccdafe3aff4b75f47aa8e704dc311e0b) Importer(815301076,1909f56bfc062723c751e8b465ee728b)  -> (artifact id: '2336ba1e6d5654408b28d72f204e3450') in 0.216931 seconds 
AssetImportWorkerClient::OnTransportError - code=2 error=End of file
