Using pre-set license
Built from '2020.3/release' branch; Version is '2020.3.31f1 (6b54b7616050) revision 7034039'; Using compiler version '192528614'; Build Type 'Release'
OS: 'Windows 10  (10.0.19043) 64bit CoreSingleLanguage' Language: 'es' Physical Memory: 7103 MB
BatchMode: 1, IsHumanControllingUs: 0, StartBugReporterOnCrash: 0, Is64bit: 1, IsPro: 0

COMMAND LINE ARGUMENTS:
C:\Program Files\Unity\Hub\Editor\2020.3.31f1\Editor\Unity.exe
-adb2
-batchMode
-noUpm
-name
AssetImportWorker0
-projectPath
F:/CityOfOblivion/CityOfOblivion
-logFile
Logs/AssetImportWorker0.log
-srvPort
55338
Successfully changed project path to: F:/CityOfOblivion/CityOfOblivion
F:/CityOfOblivion/CityOfOblivion
Using Asset Import Pipeline V2.
Refreshing native plugins compatible for Editor in 114.73 ms, found 3 plugins.
Preloading 0 native plugins for Editor in 0.00 ms.
Initialize engine version: 2020.3.31f1 (6b54b7616050)
[Subsystems] Discovering subsystems at path C:/Program Files/Unity/Hub/Editor/2020.3.31f1/Editor/Data/Resources/UnitySubsystems
[Subsystems] Discovering subsystems at path F:/CityOfOblivion/CityOfOblivion/Assets
GfxDevice: creating device client; threaded=0
Direct3D:
    Version:  Direct3D 11.0 [level 11.1]
    Renderer: AMD Radeon(TM) RX Vega 10 Graphics (ID=0x15d8)
    Vendor:   
    VRAM:     3551 MB
    Driver:   26.20.11030.22001
Initialize mono
Mono path[0] = 'C:/Program Files/Unity/Hub/Editor/2020.3.31f1/Editor/Data/Managed'
Mono path[1] = 'C:/Program Files/Unity/Hub/Editor/2020.3.31f1/Editor/Data/MonoBleedingEdge/lib/mono/unityjit'
Mono config path = 'C:/Program Files/Unity/Hub/Editor/2020.3.31f1/Editor/Data/MonoBleedingEdge/etc'
Using monoOptions --debugger-agent=transport=dt_socket,embedding=1,server=y,suspend=n,address=127.0.0.1:56668
Begin MonoManager ReloadAssembly
Registering precompiled unity dll's ...
Register platform support module: C:/Program Files/Unity/Hub/Editor/2020.3.31f1/Editor/Data/PlaybackEngines/WindowsStandaloneSupport/UnityEditor.WindowsStandalone.Extensions.dll
Registered in 0.003108 seconds.
Native extension for WindowsStandalone target not found
Refreshing native plugins compatible for Editor in 113.06 ms, found 3 plugins.
Preloading 0 native plugins for Editor in 0.00 ms.
Mono: successfully reloaded assembly
- Completed reload, in  1.006 seconds
Domain Reload Profiling:
	ReloadAssembly (1006ms)
		BeginReloadAssembly (122ms)
			ExecutionOrderSort (0ms)
			DisableScriptedObjects (0ms)
			BackupInstance (0ms)
			ReleaseScriptingObjects (0ms)
			CreateAndSetChildDomain (1ms)
		EndReloadAssembly (769ms)
			LoadAssemblies (118ms)
			RebuildTransferFunctionScriptingTraits (0ms)
			SetupTypeCache (226ms)
			ReleaseScriptCaches (0ms)
			RebuildScriptCaches (48ms)
			SetupLoadedEditorAssemblies (319ms)
				LogAssemblyErrors (0ms)
				InitializePlatformSupportModulesInManaged (7ms)
				SetLoadedEditorAssemblies (0ms)
				RefreshPlugins (113ms)
				BeforeProcessingInitializeOnLoad (14ms)
				ProcessInitializeOnLoadAttributes (131ms)
				ProcessInitializeOnLoadMethodAttributes (52ms)
				AfterProcessingInitializeOnLoad (0ms)
				EditorAssembliesLoaded (0ms)
			ExecutionOrderSort2 (0ms)
			AwakeInstancesAfterBackupRestoration (0ms)
Platform modules already initialized, skipping
Registering precompiled user dll's ...
Registered in 0.004525 seconds.
Begin MonoManager ReloadAssembly
Native extension for WindowsStandalone target not found
Refreshing native plugins compatible for Editor in 152.54 ms, found 3 plugins.
Preloading 0 native plugins for Editor in 0.00 ms.
Mono: successfully reloaded assembly
- Completed reload, in  2.009 seconds
Domain Reload Profiling:
	ReloadAssembly (2010ms)
		BeginReloadAssembly (255ms)
			ExecutionOrderSort (0ms)
			DisableScriptedObjects (7ms)
			BackupInstance (0ms)
			ReleaseScriptingObjects (0ms)
			CreateAndSetChildDomain (36ms)
		EndReloadAssembly (1653ms)
			LoadAssemblies (170ms)
			RebuildTransferFunctionScriptingTraits (0ms)
			SetupTypeCache (525ms)
			ReleaseScriptCaches (1ms)
			RebuildScriptCaches (89ms)
			SetupLoadedEditorAssemblies (698ms)
				LogAssemblyErrors (0ms)
				InitializePlatformSupportModulesInManaged (4ms)
				SetLoadedEditorAssemblies (0ms)
				RefreshPlugins (153ms)
				BeforeProcessingInitializeOnLoad (161ms)
				ProcessInitializeOnLoadAttributes (336ms)
				ProcessInitializeOnLoadMethodAttributes (29ms)
				AfterProcessingInitializeOnLoad (14ms)
				EditorAssembliesLoaded (0ms)
			ExecutionOrderSort2 (0ms)
			AwakeInstancesAfterBackupRestoration (15ms)
Platform modules already initialized, skipping
========================================================================
Worker process is ready to serve import requests
Launched and connected shader compiler UnityShaderCompiler.exe after 0.13 seconds
Refreshing native plugins compatible for Editor in 1.48 ms, found 3 plugins.
Preloading 0 native plugins for Editor in 0.00 ms.
Unloading 3425 Unused Serialized files (Serialized files now loaded: 0)
System memory in use before: 150.0 MB.
System memory in use after: 150.0 MB.

Unloading 32 unused Assets to reduce memory usage. Loaded Objects now: 3860.
Total: 5.972300 ms (FindLiveObjects: 0.443800 ms CreateObjectMapping: 0.279600 ms MarkObjects: 5.022600 ms  DeleteObjects: 0.223900 ms)

AssetImportParameters requested are different than current active one (requested -> active):
  custom:framework-win-MediaFoundation: 216162199b28c13a410421893ffa2e32 -> 
  custom:video-decoder-ogg-theora: a1e56fd34408186e4bbccfd4996cb3dc -> 
  custom:container-muxer-webm: aa71ff27fc2769a1b78a27578f13a17b -> 
  custom:container-demuxer-webm: 4f35f7cbe854078d1ac9338744f61a02 -> 
  custom:container-demuxer-ogg: 62fdf1f143b41e24485cea50d1cbac27 -> 
  custom:video-encoder-webm-vp8: eb34c28f22e8b96e1ab97ce403110664 -> 
  custom:video-codec-MediaFoundation-h265: 746d11721c4dcdbdad8f713fa42b33f4 -> 
  custom:video-decoder-webm-vp8: 9c59270c3fd7afecdb556c50c9e8de78 -> 
  custom:audio-decoder-ogg-vorbis: bf7c407c2cedff20999df2af8eb42d56 -> 
  custom:audio-encoder-webm-vorbis: bf7c407c2cedff20999df2af8eb42d56 -> 
========================================================================
Received Import Request.
  path: Assets/assets3.png
  artifactKey: Guid(c28ebefbc283a1e4c9a7c161dcb593a9) Importer(815301076,1909f56bfc062723c751e8b465ee728b)
Start importing Assets/assets3.png using Guid(c28ebefbc283a1e4c9a7c161dcb593a9) Importer(815301076,1909f56bfc062723c751e8b465ee728b)  -> (artifact id: 'fccfd5f47903d5352f67185375f6b6b9') in 0.233353 seconds 
========================================================================
Received Import Request.
  Time since last request: 0.000383 seconds.
  path: Assets/Sprites/Circle.png
  artifactKey: Guid(9cbcc7e5c882dec49868f12b506f1ce1) Importer(815301076,1909f56bfc062723c751e8b465ee728b)
Start importing Assets/Sprites/Circle.png using Guid(9cbcc7e5c882dec49868f12b506f1ce1) Importer(815301076,1909f56bfc062723c751e8b465ee728b)  -> (artifact id: 'f109eaff4bef413c3faa4648ec8b9d90') in 0.030483 seconds 
========================================================================
Received Import Request.
  Time since last request: 0.000403 seconds.
  path: Assets/SlimeDeathSheet.png
  artifactKey: Guid(4f8f7cfc2c184e743a33765da2e9182b) Importer(815301076,1909f56bfc062723c751e8b465ee728b)
Start importing Assets/SlimeDeathSheet.png using Guid(4f8f7cfc2c184e743a33765da2e9182b) Importer(815301076,1909f56bfc062723c751e8b465ee728b)  -> (artifact id: '923aee819a435283b10f9c1b638ae642') in 0.077062 seconds 
========================================================================
Received Import Request.
  Time since last request: 0.000355 seconds.
  path: Assets/Sprites/caminta y diparo parte 2 (1).png
  artifactKey: Guid(4151590eb3da21d4bba4df70b9f5f28f) Importer(815301076,1909f56bfc062723c751e8b465ee728b)
Start importing Assets/Sprites/caminta y diparo parte 2 (1).png using Guid(4151590eb3da21d4bba4df70b9f5f28f) Importer(815301076,1909f56bfc062723c751e8b465ee728b)  -> (artifact id: '3a1c8e8440aff222fa4345091c96478e') in 0.041455 seconds 
========================================================================
Received Import Request.
  Time since last request: 0.000333 seconds.
  path: Assets/Sprites/New Material.mat
  artifactKey: Guid(cb1912fb11ab8e0498669e6ae452b72b) Importer(815301076,1909f56bfc062723c751e8b465ee728b)
Start importing Assets/Sprites/New Material.mat using Guid(cb1912fb11ab8e0498669e6ae452b72b) Importer(815301076,1909f56bfc062723c751e8b465ee728b)  -> (artifact id: '2df7fc53bf41b9d8b6e4ab563b4a5cda') in 0.238484 seconds 
========================================================================
Received Import Request.
  Time since last request: 0.000365 seconds.
  path: Assets/SlimeDamageSheet.png
  artifactKey: Guid(8f7593793e16ba2489a9aad010db4dd5) Importer(815301076,1909f56bfc062723c751e8b465ee728b)
Start importing Assets/SlimeDamageSheet.png using Guid(8f7593793e16ba2489a9aad010db4dd5) Importer(815301076,1909f56bfc062723c751e8b465ee728b)  -> (artifact id: '7e5b0127f5b9ee50a6fc1d5fa312b0d7') in 0.111629 seconds 
========================================================================
Received Import Request.
  Time since last request: 2.522259 seconds.
  path: Assets/Enemys/assets.png
  artifactKey: Guid(e5c3fd8aef01a19428dbb084107b5094) Importer(815301076,1909f56bfc062723c751e8b465ee728b)
Start importing Assets/Enemys/assets.png using Guid(e5c3fd8aef01a19428dbb084107b5094) Importer(815301076,1909f56bfc062723c751e8b465ee728b)  -> (artifact id: '9a5858150c494c15dd36b6bb7519f383') in 0.111628 seconds 
========================================================================
Received Import Request.
  Time since last request: 0.000383 seconds.
  path: Assets/Enemys/assets2.png
  artifactKey: Guid(8cda04d586c4eeb4d98aaa45db0dd60c) Importer(815301076,1909f56bfc062723c751e8b465ee728b)
Start importing Assets/Enemys/assets2.png using Guid(8cda04d586c4eeb4d98aaa45db0dd60c) Importer(815301076,1909f56bfc062723c751e8b465ee728b)  -> (artifact id: '3b68a08a96d31687bda475d1617c99fd') in 0.262261 seconds 
========================================================================
Received Import Request.
  Time since last request: 0.000533 seconds.
  path: Assets/Enemys/Caminta y disparo parte 1.png
  artifactKey: Guid(b5f5007f170abf74fa0578becb71b8b2) Importer(815301076,1909f56bfc062723c751e8b465ee728b)
Start importing Assets/Enemys/Caminta y disparo parte 1.png using Guid(b5f5007f170abf74fa0578becb71b8b2) Importer(815301076,1909f56bfc062723c751e8b465ee728b)  -> (artifact id: 'c0786041ce8c6019972a98da468684ac') in 0.051920 seconds 
========================================================================
Received Import Request.
  Time since last request: 0.000382 seconds.
  path: Assets/Enemys/solo 4.png
  artifactKey: Guid(65badde43255a3748bbfb2fb4cd7c730) Importer(815301076,1909f56bfc062723c751e8b465ee728b)
Start importing Assets/Enemys/solo 4.png using Guid(65badde43255a3748bbfb2fb4cd7c730) Importer(815301076,1909f56bfc062723c751e8b465ee728b)  -> (artifact id: '3ee2c571b18a4b5f399147317a03f26b') in 0.024259 seconds 
========================================================================
Received Import Request.
  Time since last request: 0.000310 seconds.
  path: Assets/Enemys/caminta y diparo parte 2.png
  artifactKey: Guid(904ca9330e283094890c39743e58d79d) Importer(815301076,1909f56bfc062723c751e8b465ee728b)
Start importing Assets/Enemys/caminta y diparo parte 2.png using Guid(904ca9330e283094890c39743e58d79d) Importer(815301076,1909f56bfc062723c751e8b465ee728b)  -> (artifact id: '54248d40c8da1706af265ffe2f48108e') in 0.044922 seconds 
========================================================================
Received Import Request.
  Time since last request: 8.690292 seconds.
  path: Assets/Scenes/Game1.unity
  artifactKey: Guid(b1986b726c98a8542a773d7155748ad0) Importer(815301076,1909f56bfc062723c751e8b465ee728b)
Start importing Assets/Scenes/Game1.unity using Guid(b1986b726c98a8542a773d7155748ad0) Importer(815301076,1909f56bfc062723c751e8b465ee728b)  -> (artifact id: 'c340ceef830708dfe8e9530cc53cc2af') in 0.022938 seconds 
========================================================================
Received Import Request.
  Time since last request: 8.515451 seconds.
  path: Assets/Scenes/Menu1.unity
  artifactKey: Guid(04ff747b0210d24489048fb5f3c7cf07) Importer(815301076,1909f56bfc062723c751e8b465ee728b)
Start importing Assets/Scenes/Menu1.unity using Guid(04ff747b0210d24489048fb5f3c7cf07) Importer(815301076,1909f56bfc062723c751e8b465ee728b)  -> (artifact id: '376e63e7c0f5548b09f700fd98179b45') in 0.014839 seconds 
========================================================================
Received Prepare
Refreshing native plugins compatible for Editor in 5.69 ms, found 3 plugins.
Preloading 0 native plugins for Editor in 0.00 ms.
Unloading 19 Unused Serialized files (Serialized files now loaded: 0)
System memory in use before: 81.4 MB.
System memory in use after: 81.5 MB.

Unloading 19 unused Assets to reduce memory usage. Loaded Objects now: 4111.
Total: 7.823700 ms (FindLiveObjects: 0.402500 ms CreateObjectMapping: 0.145800 ms MarkObjects: 7.043000 ms  DeleteObjects: 0.231000 ms)

AssetImportParameters requested are different than current active one (requested -> active):
  custom:framework-win-MediaFoundation: 216162199b28c13a410421893ffa2e32 -> 
  custom:video-decoder-ogg-theora: a1e56fd34408186e4bbccfd4996cb3dc -> 
  custom:container-muxer-webm: aa71ff27fc2769a1b78a27578f13a17b -> 
  custom:container-demuxer-webm: 4f35f7cbe854078d1ac9338744f61a02 -> 
  custom:container-demuxer-ogg: 62fdf1f143b41e24485cea50d1cbac27 -> 
  custom:video-encoder-webm-vp8: eb34c28f22e8b96e1ab97ce403110664 -> 
  custom:video-codec-MediaFoundation-h265: 746d11721c4dcdbdad8f713fa42b33f4 -> 
  custom:video-decoder-webm-vp8: 9c59270c3fd7afecdb556c50c9e8de78 -> 
  custom:audio-decoder-ogg-vorbis: bf7c407c2cedff20999df2af8eb42d56 -> 
  custom:audio-encoder-webm-vorbis: bf7c407c2cedff20999df2af8eb42d56 -> 
AssetImportWorkerClient::OnTransportError - code=2 error=End of file
